<?xml version="1.0" encoding="UTF-8"?>
<!-- Generated by org.testng.reporters.JUnitXMLReporter -->
<testsuite ignored="4" hostname="DESKTOP-UO95ULH" failures="0" tests="1" name="Login" time="4.193" errors="0" timestamp="2021-06-14T20:50:36 EDT">
  <testcase classname="testNG.Day01_LoginTest" name="loginTest" time="1.259"/>
  <testcase classname="testNG.Day01_LoginTest" name="verifyLogo" time="0.0">
    <ignored/>
  </testcase> <!-- verifyLogo -->
  <testcase classname="testNG.Day01_LoginTest" name="title" time="0.0">
    <ignored/>
  </testcase> <!-- title -->
  <testcase classname="testNG.Day01_LoginTest" name="url" time="0.0">
    <ignored/>
  </testcase> <!-- url -->
  <testcase classname="testNG.Day01_LoginTest" name="verifyPoweredBy" time="0.0">
    <ignored/>
  </testcase> <!-- verifyPoweredBy -->
</testsuite> <!-- Login -->
