<?xml version="1.0" encoding="UTF-8"?>
<!-- Generated by org.testng.reporters.JUnitXMLReporter -->
<testsuite ignored="12" hostname="DESKTOP-UO95ULH" failures="0" tests="1" name="Regression" time="4.25" errors="0" timestamp="2021-06-14T20:50:40 EDT">
  <testcase classname="testNG.Day01_LoginTest" name="loginTest" time="1.523"/>
  <testcase classname="testNG.Day01_TestNG" name="methodOne" time="0.0">
    <ignored/>
  </testcase> <!-- methodOne -->
  <testcase classname="testNG.Day02_Priority" name="a" time="0.0">
    <ignored/>
  </testcase> <!-- a -->
  <testcase classname="testNG.Day02_Priority" name="b" time="0.0">
    <ignored/>
  </testcase> <!-- b -->
  <testcase classname="testNG.Day02_Priority" name="c" time="0.0">
    <ignored/>
  </testcase> <!-- c -->
  <testcase classname="testNG.Day02_Priority" name="d" time="0.0">
    <ignored/>
  </testcase> <!-- d -->
  <testcase classname="testNG.Day01_LoginTest" name="verifyLogo" time="0.0">
    <ignored/>
  </testcase> <!-- verifyLogo -->
  <testcase classname="testNG.Day02_Priority" name="e" time="0.0">
    <ignored/>
  </testcase> <!-- e -->
  <testcase classname="testNG.Day01_LoginTest" name="title" time="0.0">
    <ignored/>
  </testcase> <!-- title -->
  <testcase classname="testNG.Day01_LoginTest" name="url" time="0.0">
    <ignored/>
  </testcase> <!-- url -->
  <testcase classname="testNG.Day01_TestNG" name="methodTweleve" time="0.0">
    <ignored/>
  </testcase> <!-- methodTweleve -->
  <testcase classname="testNG.Day02_Priority" name="f" time="0.0">
    <ignored/>
  </testcase> <!-- f -->
  <testcase classname="testNG.Day01_LoginTest" name="verifyPoweredBy" time="0.0">
    <ignored/>
  </testcase> <!-- verifyPoweredBy -->
</testsuite> <!-- Regression -->
