<?xml version="1.0" encoding="UTF-8"?>
<!-- Generated by org.testng.reporters.JUnitXMLReporter -->
<testsuite ignored="0" hostname="DESKTOP-UO95ULH" failures="0" tests="1" name="Test2 in firefox" time="0.077" errors="0" timestamp="2021-06-16T20:17:44 EDT">
  <testcase classname="testNG.Day04_Example" name="@BeforeMethod openBrowser" time="0.003">
    <failure type="java.lang.Exception" message="Invalid Browser name">
      <![CDATA[java.lang.Exception: Invalid Browser name
at testNG.Day04_Example.openBrowser(Day04_Example.java:28)
at java.base/java.util.ArrayList.forEach(ArrayList.java:1541)
at java.base/java.util.concurrent.FutureTask.run(FutureTask.java:264)
at java.base/java.util.concurrent.ThreadPoolExecutor.runWorker(ThreadPoolExecutor.java:1128)
at java.base/java.util.concurrent.ThreadPoolExecutor$Worker.run(ThreadPoolExecutor.java:628)
at java.base/java.lang.Thread.run(Thread.java:834)
... Removed 22 stack frames]]>
    </failure>
  </testcase> <!-- @BeforeMethod openBrowser -->
  <testcase classname="testNG.Day04_Example" name="@AfterMethod closeBrowser" time="-1.623889064183E9">
    <skipped/>
  </testcase> <!-- @AfterMethod closeBrowser -->
  <testcase classname="testNG.Day04_Example" name="testLogin" time="0.0">
    <skipped/>
  </testcase> <!-- testLogin -->
</testsuite> <!-- Test2 in firefox -->
