<?xml version="1.0" encoding="UTF-8"?>
<testng-results ignored="0" total="1" passed="1" failed="0" skipped="0">
  <reporter-output>
  </reporter-output>
  <suite started-at="2021-07-06T19:14:07 EDT" name="Suite" finished-at="2021-07-06T19:14:09 EDT" duration-ms="1859">
    <groups>
    </groups>
    <test started-at="2021-07-06T19:14:07 EDT" name="Test" finished-at="2021-07-06T19:14:09 EDT" duration-ms="1859">
      <class name="com.codegator.pages.HelloWorld">
        <test-method signature="methodOne()[pri:0, instance:com.codegator.pages.HelloWorld@13b13b5d]" started-at="2021-07-06T19:14:07 EDT" name="methodOne" finished-at="2021-07-06T19:14:09 EDT" duration-ms="1834" status="PASS">
          <reporter-output>
          </reporter-output>
        </test-method> <!-- methodOne -->
      </class> <!-- com.codegator.pages.HelloWorld -->
    </test> <!-- Test -->
  </suite> <!-- Suite -->
</testng-results>
