<?xml version="1.0" encoding="UTF-8"?>
<testng-results ignored="0" total="1" passed="1" failed="0" skipped="0">
  <reporter-output>
  </reporter-output>
  <suite started-at="2021-07-06T23:16:28Z" name="Suite" finished-at="2021-07-06T23:16:30Z" duration-ms="1925">
    <groups>
    </groups>
    <test started-at="2021-07-06T23:16:28Z" name="Test" finished-at="2021-07-06T23:16:30Z" duration-ms="1925">
      <class name="com.codegator.pages.HelloWorld">
        <test-method signature="methodOne()[pri:0, instance:com.codegator.pages.HelloWorld@5be1d0a4]" started-at="2021-07-06T19:16:28Z" name="methodOne" finished-at="2021-07-06T19:16:30Z" duration-ms="1907" status="PASS">
          <reporter-output>
          </reporter-output>
        </test-method> <!-- methodOne -->
      </class> <!-- com.codegator.pages.HelloWorld -->
    </test> <!-- Test -->
  </suite> <!-- Suite -->
</testng-results>
