<?xml version="1.0" encoding="UTF-8"?>
<testng-results ignored="2" total="17" passed="15" failed="0" skipped="0">
  <reporter-output>
  </reporter-output>
  <suite started-at="2021-06-24T21:02:49 EDT" name="Default suite" finished-at="2021-06-24T21:04:41 EDT" duration-ms="112282">
    <groups>
    </groups>
    <test started-at="2021-06-24T21:02:49 EDT" name="Default test" finished-at="2021-06-24T21:04:41 EDT" duration-ms="112282">
      <class name="com.codegator.testscripts.AccountPageTest">
        <test-method is-config="true" signature="start()[pri:0, instance:com.codegator.testscripts.AccountPageTest@696da30b]" started-at="2021-06-24T21:02:50 EDT" name="start" finished-at="2021-06-24T21:02:52 EDT" duration-ms="2862" status="PASS">
          <reporter-output>
          </reporter-output>
        </test-method> <!-- start -->
        <test-method signature="accountCreation(java.lang.String,java.lang.String,java.lang.String,java.lang.String,java.lang.String)[pri:0, instance:com.codegator.testscripts.AccountPageTest@696da30b]" started-at="2021-06-24T21:02:52 EDT" name="accountCreation" description="This test is going to verify the account creation process." data-provider="accountsData" finished-at="2021-06-24T21:02:59 EDT" duration-ms="6730" status="PASS">
          <params>
            <param index="0">
              <value>
                <![CDATA[Waqas 123]]>
              </value>
            </param>
            <param index="1">
              <value>
                <![CDATA[12345.0]]>
              </value>
            </param>
            <param index="2">
              <value>
                <![CDATA[www.codegator.us]]>
              </value>
            </param>
            <param index="3">
              <value>
                <![CDATA[10000.0]]>
              </value>
            </param>
            <param index="4">
              <value>
                <![CDATA[Yes]]>
              </value>
            </param>
          </params>
          <reporter-output>
          </reporter-output>
        </test-method> <!-- accountCreation -->
        <test-method is-config="true" signature="stop()[pri:0, instance:com.codegator.testscripts.AccountPageTest@696da30b]" started-at="2021-06-24T21:02:59 EDT" name="stop" finished-at="2021-06-24T21:03:00 EDT" duration-ms="689" status="PASS">
          <reporter-output>
          </reporter-output>
        </test-method> <!-- stop -->
        <test-method is-config="true" signature="start()[pri:0, instance:com.codegator.testscripts.AccountPageTest@696da30b]" started-at="2021-06-24T21:03:00 EDT" name="start" finished-at="2021-06-24T21:03:02 EDT" duration-ms="1790" status="PASS">
          <reporter-output>
          </reporter-output>
        </test-method> <!-- start -->
        <test-method signature="accountCreation(java.lang.String,java.lang.String,java.lang.String,java.lang.String,java.lang.String)[pri:0, instance:com.codegator.testscripts.AccountPageTest@696da30b]" started-at="2021-06-24T21:03:02 EDT" name="accountCreation" description="This test is going to verify the account creation process." data-provider="accountsData" finished-at="2021-06-24T21:03:06 EDT" duration-ms="4330" status="PASS">
          <params>
            <param index="0">
              <value>
                <![CDATA[Waqas 124]]>
              </value>
            </param>
            <param index="1">
              <value>
                <![CDATA[12345.0]]>
              </value>
            </param>
            <param index="2">
              <value>
                <![CDATA[www.codegator.us]]>
              </value>
            </param>
            <param index="3">
              <value>
                <![CDATA[20000.0]]>
              </value>
            </param>
            <param index="4">
              <value>
                <![CDATA[Yes]]>
              </value>
            </param>
          </params>
          <reporter-output>
          </reporter-output>
        </test-method> <!-- accountCreation -->
        <test-method is-config="true" signature="stop()[pri:0, instance:com.codegator.testscripts.AccountPageTest@696da30b]" started-at="2021-06-24T21:03:06 EDT" name="stop" finished-at="2021-06-24T21:03:07 EDT" duration-ms="659" status="PASS">
          <reporter-output>
          </reporter-output>
        </test-method> <!-- stop -->
        <test-method is-config="true" signature="start()[pri:0, instance:com.codegator.testscripts.AccountPageTest@696da30b]" started-at="2021-06-24T21:03:07 EDT" name="start" finished-at="2021-06-24T21:03:08 EDT" duration-ms="1874" status="PASS">
          <reporter-output>
          </reporter-output>
        </test-method> <!-- start -->
        <test-method signature="accountCreation(java.lang.String,java.lang.String,java.lang.String,java.lang.String,java.lang.String)[pri:0, instance:com.codegator.testscripts.AccountPageTest@696da30b]" started-at="2021-06-24T21:03:08 EDT" name="accountCreation" description="This test is going to verify the account creation process." data-provider="accountsData" finished-at="2021-06-24T21:03:15 EDT" duration-ms="6665" status="PASS">
          <params>
            <param index="0">
              <value>
                <![CDATA[Waqas 125]]>
              </value>
            </param>
            <param index="1">
              <value>
                <![CDATA[12345.0]]>
              </value>
            </param>
            <param index="2">
              <value>
                <![CDATA[www.codegator.us]]>
              </value>
            </param>
            <param index="3">
              <value>
                <![CDATA[30000.0]]>
              </value>
            </param>
            <param index="4">
              <value>
                <![CDATA[No]]>
              </value>
            </param>
          </params>
          <reporter-output>
          </reporter-output>
        </test-method> <!-- accountCreation -->
        <test-method is-config="true" signature="stop()[pri:0, instance:com.codegator.testscripts.AccountPageTest@696da30b]" started-at="2021-06-24T21:03:15 EDT" name="stop" finished-at="2021-06-24T21:03:16 EDT" duration-ms="806" status="PASS">
          <reporter-output>
          </reporter-output>
        </test-method> <!-- stop -->
        <test-method is-config="true" signature="start()[pri:0, instance:com.codegator.testscripts.AccountPageTest@696da30b]" started-at="2021-06-24T21:03:16 EDT" name="start" finished-at="2021-06-24T21:03:18 EDT" duration-ms="1785" status="PASS">
          <reporter-output>
          </reporter-output>
        </test-method> <!-- start -->
        <test-method signature="accountCreation(java.lang.String,java.lang.String,java.lang.String,java.lang.String,java.lang.String)[pri:0, instance:com.codegator.testscripts.AccountPageTest@696da30b]" started-at="2021-06-24T21:03:18 EDT" name="accountCreation" description="This test is going to verify the account creation process." data-provider="accountsData" finished-at="2021-06-24T21:03:22 EDT" duration-ms="3934" status="PASS">
          <params>
            <param index="0">
              <value>
                <![CDATA[Waqas 126]]>
              </value>
            </param>
            <param index="1">
              <value>
                <![CDATA[12345.0]]>
              </value>
            </param>
            <param index="2">
              <value>
                <![CDATA[www.codegator.us]]>
              </value>
            </param>
            <param index="3">
              <value>
                <![CDATA[40000.0]]>
              </value>
            </param>
            <param index="4">
              <value>
                <![CDATA[No]]>
              </value>
            </param>
          </params>
          <reporter-output>
          </reporter-output>
        </test-method> <!-- accountCreation -->
        <test-method is-config="true" signature="stop()[pri:0, instance:com.codegator.testscripts.AccountPageTest@696da30b]" started-at="2021-06-24T21:03:22 EDT" name="stop" finished-at="2021-06-24T21:03:22 EDT" duration-ms="630" status="PASS">
          <reporter-output>
          </reporter-output>
        </test-method> <!-- stop -->
        <test-method is-config="true" signature="start()[pri:0, instance:com.codegator.testscripts.AccountPageTest@696da30b]" started-at="2021-06-24T21:03:22 EDT" name="start" finished-at="2021-06-24T21:03:24 EDT" duration-ms="1771" status="PASS">
          <reporter-output>
          </reporter-output>
        </test-method> <!-- start -->
        <test-method signature="accountCreation(java.lang.String,java.lang.String,java.lang.String,java.lang.String,java.lang.String)[pri:0, instance:com.codegator.testscripts.AccountPageTest@696da30b]" started-at="2021-06-24T21:03:24 EDT" name="accountCreation" description="This test is going to verify the account creation process." data-provider="accountsData" finished-at="2021-06-24T21:03:31 EDT" duration-ms="6767" status="PASS">
          <params>
            <param index="0">
              <value>
                <![CDATA[Waqas 127]]>
              </value>
            </param>
            <param index="1">
              <value>
                <![CDATA[12345.0]]>
              </value>
            </param>
            <param index="2">
              <value>
                <![CDATA[www.codegator.us]]>
              </value>
            </param>
            <param index="3">
              <value>
                <![CDATA[50000.0]]>
              </value>
            </param>
            <param index="4">
              <value>
                <![CDATA[No]]>
              </value>
            </param>
          </params>
          <reporter-output>
          </reporter-output>
        </test-method> <!-- accountCreation -->
        <test-method is-config="true" signature="stop()[pri:0, instance:com.codegator.testscripts.AccountPageTest@696da30b]" started-at="2021-06-24T21:03:31 EDT" name="stop" finished-at="2021-06-24T21:03:31 EDT" duration-ms="641" status="PASS">
          <reporter-output>
          </reporter-output>
        </test-method> <!-- stop -->
        <test-method is-config="true" signature="start()[pri:0, instance:com.codegator.testscripts.AccountPageTest@696da30b]" started-at="2021-06-24T21:03:31 EDT" name="start" finished-at="2021-06-24T21:03:33 EDT" duration-ms="1815" status="PASS">
          <reporter-output>
          </reporter-output>
        </test-method> <!-- start -->
        <test-method signature="accountCreation(java.lang.String,java.lang.String,java.lang.String,java.lang.String,java.lang.String)[pri:0, instance:com.codegator.testscripts.AccountPageTest@696da30b]" started-at="2021-06-24T21:03:33 EDT" name="accountCreation" description="This test is going to verify the account creation process." data-provider="accountsData" finished-at="2021-06-24T21:03:38 EDT" duration-ms="4510" status="PASS">
          <params>
            <param index="0">
              <value>
                <![CDATA[Waqas 128]]>
              </value>
            </param>
            <param index="1">
              <value>
                <![CDATA[12345.0]]>
              </value>
            </param>
            <param index="2">
              <value>
                <![CDATA[www.codegator.us]]>
              </value>
            </param>
            <param index="3">
              <value>
                <![CDATA[60000.0]]>
              </value>
            </param>
            <param index="4">
              <value>
                <![CDATA[Yes]]>
              </value>
            </param>
          </params>
          <reporter-output>
          </reporter-output>
        </test-method> <!-- accountCreation -->
        <test-method is-config="true" signature="stop()[pri:0, instance:com.codegator.testscripts.AccountPageTest@696da30b]" started-at="2021-06-24T21:03:38 EDT" name="stop" finished-at="2021-06-24T21:03:38 EDT" duration-ms="678" status="PASS">
          <reporter-output>
          </reporter-output>
        </test-method> <!-- stop -->
        <test-method is-config="true" signature="start()[pri:0, instance:com.codegator.testscripts.AccountPageTest@696da30b]" started-at="2021-06-24T21:03:38 EDT" name="start" finished-at="2021-06-24T21:03:40 EDT" duration-ms="1963" status="PASS">
          <reporter-output>
          </reporter-output>
        </test-method> <!-- start -->
        <test-method signature="accountCreation(java.lang.String,java.lang.String,java.lang.String,java.lang.String,java.lang.String)[pri:0, instance:com.codegator.testscripts.AccountPageTest@696da30b]" started-at="2021-06-24T21:03:40 EDT" name="accountCreation" description="This test is going to verify the account creation process." data-provider="accountsData" finished-at="2021-06-24T21:03:45 EDT" duration-ms="4172" status="PASS">
          <params>
            <param index="0">
              <value>
                <![CDATA[Waqas 129]]>
              </value>
            </param>
            <param index="1">
              <value>
                <![CDATA[12345.0]]>
              </value>
            </param>
            <param index="2">
              <value>
                <![CDATA[www.codegator.us]]>
              </value>
            </param>
            <param index="3">
              <value>
                <![CDATA[70000.0]]>
              </value>
            </param>
            <param index="4">
              <value>
                <![CDATA[Yes]]>
              </value>
            </param>
          </params>
          <reporter-output>
          </reporter-output>
        </test-method> <!-- accountCreation -->
        <test-method is-config="true" signature="stop()[pri:0, instance:com.codegator.testscripts.AccountPageTest@696da30b]" started-at="2021-06-24T21:03:45 EDT" name="stop" finished-at="2021-06-24T21:03:45 EDT" duration-ms="622" status="PASS">
          <reporter-output>
          </reporter-output>
        </test-method> <!-- stop -->
        <test-method is-config="true" signature="start()[pri:0, instance:com.codegator.testscripts.AccountPageTest@696da30b]" started-at="2021-06-24T21:03:45 EDT" name="start" finished-at="2021-06-24T21:03:47 EDT" duration-ms="1887" status="PASS">
          <reporter-output>
          </reporter-output>
        </test-method> <!-- start -->
        <test-method signature="accountCreation(java.lang.String,java.lang.String,java.lang.String,java.lang.String,java.lang.String)[pri:0, instance:com.codegator.testscripts.AccountPageTest@696da30b]" started-at="2021-06-24T21:03:47 EDT" name="accountCreation" description="This test is going to verify the account creation process." data-provider="accountsData" finished-at="2021-06-24T21:03:53 EDT" duration-ms="5974" status="PASS">
          <params>
            <param index="0">
              <value>
                <![CDATA[Waqas 130]]>
              </value>
            </param>
            <param index="1">
              <value>
                <![CDATA[12345.0]]>
              </value>
            </param>
            <param index="2">
              <value>
                <![CDATA[www.codegator.us]]>
              </value>
            </param>
            <param index="3">
              <value>
                <![CDATA[80000.0]]>
              </value>
            </param>
            <param index="4">
              <value>
                <![CDATA[Yes]]>
              </value>
            </param>
          </params>
          <reporter-output>
          </reporter-output>
        </test-method> <!-- accountCreation -->
        <test-method is-config="true" signature="stop()[pri:0, instance:com.codegator.testscripts.AccountPageTest@696da30b]" started-at="2021-06-24T21:03:53 EDT" name="stop" finished-at="2021-06-24T21:03:54 EDT" duration-ms="662" status="PASS">
          <reporter-output>
          </reporter-output>
        </test-method> <!-- stop -->
        <test-method is-config="true" signature="start()[pri:0, instance:com.codegator.testscripts.AccountPageTest@696da30b]" started-at="2021-06-24T21:03:54 EDT" name="start" finished-at="2021-06-24T21:03:55 EDT" duration-ms="1561" status="PASS">
          <reporter-output>
          </reporter-output>
        </test-method> <!-- start -->
        <test-method signature="accountCreation(java.lang.String,java.lang.String,java.lang.String,java.lang.String,java.lang.String)[pri:0, instance:com.codegator.testscripts.AccountPageTest@696da30b]" started-at="2021-06-24T21:03:55 EDT" name="accountCreation" description="This test is going to verify the account creation process." data-provider="accountsData" finished-at="2021-06-24T21:03:59 EDT" duration-ms="3712" status="PASS">
          <params>
            <param index="0">
              <value>
                <![CDATA[Waqas 131]]>
              </value>
            </param>
            <param index="1">
              <value>
                <![CDATA[12345.0]]>
              </value>
            </param>
            <param index="2">
              <value>
                <![CDATA[www.codegator.us]]>
              </value>
            </param>
            <param index="3">
              <value>
                <![CDATA[90000.0]]>
              </value>
            </param>
            <param index="4">
              <value>
                <![CDATA[No]]>
              </value>
            </param>
          </params>
          <reporter-output>
          </reporter-output>
        </test-method> <!-- accountCreation -->
        <test-method is-config="true" signature="stop()[pri:0, instance:com.codegator.testscripts.AccountPageTest@696da30b]" started-at="2021-06-24T21:03:59 EDT" name="stop" finished-at="2021-06-24T21:04:00 EDT" duration-ms="682" status="PASS">
          <reporter-output>
          </reporter-output>
        </test-method> <!-- stop -->
        <test-method is-config="true" signature="start()[pri:0, instance:com.codegator.testscripts.AccountPageTest@696da30b]" started-at="2021-06-24T21:04:00 EDT" name="start" finished-at="2021-06-24T21:04:01 EDT" duration-ms="1736" status="PASS">
          <reporter-output>
          </reporter-output>
        </test-method> <!-- start -->
        <test-method signature="accountCreation(java.lang.String,java.lang.String,java.lang.String,java.lang.String,java.lang.String)[pri:0, instance:com.codegator.testscripts.AccountPageTest@696da30b]" started-at="2021-06-24T21:04:01 EDT" name="accountCreation" description="This test is going to verify the account creation process." data-provider="accountsData" finished-at="2021-06-24T21:04:06 EDT" duration-ms="4361" status="PASS">
          <params>
            <param index="0">
              <value>
                <![CDATA[Waqas 132]]>
              </value>
            </param>
            <param index="1">
              <value>
                <![CDATA[12345.0]]>
              </value>
            </param>
            <param index="2">
              <value>
                <![CDATA[www.codegator.us]]>
              </value>
            </param>
            <param index="3">
              <value>
                <![CDATA[100000.0]]>
              </value>
            </param>
            <param index="4">
              <value>
                <![CDATA[No]]>
              </value>
            </param>
          </params>
          <reporter-output>
          </reporter-output>
        </test-method> <!-- accountCreation -->
        <test-method is-config="true" signature="stop()[pri:0, instance:com.codegator.testscripts.AccountPageTest@696da30b]" started-at="2021-06-24T21:04:06 EDT" name="stop" finished-at="2021-06-24T21:04:06 EDT" duration-ms="692" status="PASS">
          <reporter-output>
          </reporter-output>
        </test-method> <!-- stop -->
        <test-method is-config="true" signature="start()[pri:0, instance:com.codegator.testscripts.AccountPageTest@696da30b]" started-at="2021-06-24T21:04:06 EDT" name="start" finished-at="2021-06-24T21:04:08 EDT" duration-ms="1661" status="PASS">
          <reporter-output>
          </reporter-output>
        </test-method> <!-- start -->
        <test-method signature="accountCreation(java.lang.String,java.lang.String,java.lang.String,java.lang.String,java.lang.String)[pri:0, instance:com.codegator.testscripts.AccountPageTest@696da30b]" started-at="2021-06-24T21:04:08 EDT" name="accountCreation" description="This test is going to verify the account creation process." data-provider="accountsData" finished-at="2021-06-24T21:04:13 EDT" duration-ms="4578" status="PASS">
          <params>
            <param index="0">
              <value>
                <![CDATA[Waqas 133]]>
              </value>
            </param>
            <param index="1">
              <value>
                <![CDATA[12345.0]]>
              </value>
            </param>
            <param index="2">
              <value>
                <![CDATA[www.codegator.us]]>
              </value>
            </param>
            <param index="3">
              <value>
                <![CDATA[110000.0]]>
              </value>
            </param>
            <param index="4">
              <value>
                <![CDATA[Yes]]>
              </value>
            </param>
          </params>
          <reporter-output>
          </reporter-output>
        </test-method> <!-- accountCreation -->
        <test-method is-config="true" signature="stop()[pri:0, instance:com.codegator.testscripts.AccountPageTest@696da30b]" started-at="2021-06-24T21:04:13 EDT" name="stop" finished-at="2021-06-24T21:04:13 EDT" duration-ms="628" status="PASS">
          <reporter-output>
          </reporter-output>
        </test-method> <!-- stop -->
        <test-method is-config="true" signature="start()[pri:0, instance:com.codegator.testscripts.AccountPageTest@696da30b]" started-at="2021-06-24T21:04:13 EDT" name="start" finished-at="2021-06-24T21:04:15 EDT" duration-ms="1774" status="PASS">
          <reporter-output>
          </reporter-output>
        </test-method> <!-- start -->
        <test-method signature="accountCreation(java.lang.String,java.lang.String,java.lang.String,java.lang.String,java.lang.String)[pri:0, instance:com.codegator.testscripts.AccountPageTest@696da30b]" started-at="2021-06-24T21:04:15 EDT" name="accountCreation" description="This test is going to verify the account creation process." data-provider="accountsData" finished-at="2021-06-24T21:04:19 EDT" duration-ms="4316" status="PASS">
          <params>
            <param index="0">
              <value>
                <![CDATA[Waqas 134]]>
              </value>
            </param>
            <param index="1">
              <value>
                <![CDATA[12345.0]]>
              </value>
            </param>
            <param index="2">
              <value>
                <![CDATA[www.codegator.us]]>
              </value>
            </param>
            <param index="3">
              <value>
                <![CDATA[120000.0]]>
              </value>
            </param>
            <param index="4">
              <value>
                <![CDATA[No]]>
              </value>
            </param>
          </params>
          <reporter-output>
          </reporter-output>
        </test-method> <!-- accountCreation -->
        <test-method is-config="true" signature="stop()[pri:0, instance:com.codegator.testscripts.AccountPageTest@696da30b]" started-at="2021-06-24T21:04:19 EDT" name="stop" finished-at="2021-06-24T21:04:20 EDT" duration-ms="642" status="PASS">
          <reporter-output>
          </reporter-output>
        </test-method> <!-- stop -->
        <test-method is-config="true" signature="start()[pri:0, instance:com.codegator.testscripts.AccountPageTest@696da30b]" started-at="2021-06-24T21:04:20 EDT" name="start" finished-at="2021-06-24T21:04:22 EDT" duration-ms="1716" status="PASS">
          <reporter-output>
          </reporter-output>
        </test-method> <!-- start -->
        <test-method signature="accountCreation(java.lang.String,java.lang.String,java.lang.String,java.lang.String,java.lang.String)[pri:0, instance:com.codegator.testscripts.AccountPageTest@696da30b]" started-at="2021-06-24T21:04:22 EDT" name="accountCreation" description="This test is going to verify the account creation process." data-provider="accountsData" finished-at="2021-06-24T21:04:26 EDT" duration-ms="4593" status="PASS">
          <params>
            <param index="0">
              <value>
                <![CDATA[Waqas 135]]>
              </value>
            </param>
            <param index="1">
              <value>
                <![CDATA[12345.0]]>
              </value>
            </param>
            <param index="2">
              <value>
                <![CDATA[www.codegator.us]]>
              </value>
            </param>
            <param index="3">
              <value>
                <![CDATA[130000.0]]>
              </value>
            </param>
            <param index="4">
              <value>
                <![CDATA[Yes]]>
              </value>
            </param>
          </params>
          <reporter-output>
          </reporter-output>
        </test-method> <!-- accountCreation -->
        <test-method is-config="true" signature="stop()[pri:0, instance:com.codegator.testscripts.AccountPageTest@696da30b]" started-at="2021-06-24T21:04:26 EDT" name="stop" finished-at="2021-06-24T21:04:27 EDT" duration-ms="657" status="PASS">
          <reporter-output>
          </reporter-output>
        </test-method> <!-- stop -->
        <test-method is-config="true" signature="start()[pri:0, instance:com.codegator.testscripts.AccountPageTest@696da30b]" started-at="2021-06-24T21:04:27 EDT" name="start" finished-at="2021-06-24T21:04:29 EDT" duration-ms="1744" status="PASS">
          <reporter-output>
          </reporter-output>
        </test-method> <!-- start -->
        <test-method signature="accountCreation(java.lang.String,java.lang.String,java.lang.String,java.lang.String,java.lang.String)[pri:0, instance:com.codegator.testscripts.AccountPageTest@696da30b]" started-at="2021-06-24T21:04:29 EDT" name="accountCreation" description="This test is going to verify the account creation process." data-provider="accountsData" finished-at="2021-06-24T21:04:34 EDT" duration-ms="4767" status="PASS">
          <params>
            <param index="0">
              <value>
                <![CDATA[Waqas 136]]>
              </value>
            </param>
            <param index="1">
              <value>
                <![CDATA[12345.0]]>
              </value>
            </param>
            <param index="2">
              <value>
                <![CDATA[www.codegator.us]]>
              </value>
            </param>
            <param index="3">
              <value>
                <![CDATA[140000.0]]>
              </value>
            </param>
            <param index="4">
              <value>
                <![CDATA[No]]>
              </value>
            </param>
          </params>
          <reporter-output>
          </reporter-output>
        </test-method> <!-- accountCreation -->
        <test-method is-config="true" signature="stop()[pri:0, instance:com.codegator.testscripts.AccountPageTest@696da30b]" started-at="2021-06-24T21:04:34 EDT" name="stop" finished-at="2021-06-24T21:04:34 EDT" duration-ms="660" status="PASS">
          <reporter-output>
          </reporter-output>
        </test-method> <!-- stop -->
        <test-method is-config="true" signature="start()[pri:0, instance:com.codegator.testscripts.AccountPageTest@696da30b]" started-at="2021-06-24T21:04:34 EDT" name="start" finished-at="2021-06-24T21:04:36 EDT" duration-ms="1596" status="PASS">
          <reporter-output>
          </reporter-output>
        </test-method> <!-- start -->
        <test-method signature="accountCreation(java.lang.String,java.lang.String,java.lang.String,java.lang.String,java.lang.String)[pri:0, instance:com.codegator.testscripts.AccountPageTest@696da30b]" started-at="2021-06-24T21:04:36 EDT" name="accountCreation" description="This test is going to verify the account creation process." data-provider="accountsData" finished-at="2021-06-24T21:04:41 EDT" duration-ms="4861" status="PASS">
          <params>
            <param index="0">
              <value>
                <![CDATA[Waqas 137]]>
              </value>
            </param>
            <param index="1">
              <value>
                <![CDATA[12345.0]]>
              </value>
            </param>
            <param index="2">
              <value>
                <![CDATA[www.codegator.us]]>
              </value>
            </param>
            <param index="3">
              <value>
                <![CDATA[150000.0]]>
              </value>
            </param>
            <param index="4">
              <value>
                <![CDATA[No]]>
              </value>
            </param>
          </params>
          <reporter-output>
          </reporter-output>
        </test-method> <!-- accountCreation -->
        <test-method is-config="true" signature="stop()[pri:0, instance:com.codegator.testscripts.AccountPageTest@696da30b]" started-at="2021-06-24T21:04:41 EDT" name="stop" finished-at="2021-06-24T21:04:41 EDT" duration-ms="673" status="PASS">
          <reporter-output>
          </reporter-output>
        </test-method> <!-- stop -->
      </class> <!-- com.codegator.testscripts.AccountPageTest -->
    </test> <!-- Default test -->
  </suite> <!-- Default suite -->
</testng-results>
