<?xml version="1.0" encoding="UTF-8"?>
<!-- Generated by org.testng.reporters.JUnitXMLReporter -->
<testsuite ignored="0" hostname="DESKTOP-UO95ULH" failures="0" tests="13" name="Test" time="14.895" errors="0" timestamp="2021-06-14T19:52:57 EDT">
  <testcase classname="testNG.Day01_LoginTest" name="title" time="0.011"/>
  <testcase classname="testNG.Day01_LoginTest" name="verifyLogo" time="0.051"/>
  <testcase classname="testNG.Day01_LoginTest" name="verifyPoweredBy" time="0.456"/>
  <testcase classname="testNG.Day01_LoginTest" name="loginTest" time="1.121"/>
  <testcase classname="testNG.Day01_LoginTest" name="url" time="0.007"/>
  <testcase classname="testNG.Day01_TestNG" name="methodOne" time="0.001"/>
  <testcase classname="testNG.Day01_TestNG" name="methodTweleve" time="0.001"/>
  <testcase classname="testNG.Day02_Priority" name="a" time="0.001"/>
  <testcase classname="testNG.Day02_Priority" name="e" time="0.0"/>
  <testcase classname="testNG.Day02_Priority" name="f" time="0.0"/>
  <testcase classname="testNG.Day02_Priority" name="d" time="0.0"/>
  <testcase classname="testNG.Day02_Priority" name="c" time="0.0"/>
  <testcase classname="testNG.Day02_Priority" name="b" time="0.0"/>
</testsuite> <!-- Test -->
