<?xml version="1.0" encoding="UTF-8"?>
<!-- Generated by org.testng.reporters.JUnitXMLReporter -->
<testsuite ignored="0" hostname="DESKTOP-UO95ULH" failures="0" tests="13" name="Test2" time="15.33" errors="0" timestamp="2021-06-14T19:53:12 EDT">
  <testcase classname="testNG.Day01_LoginTest" name="title" time="0.005"/>
  <testcase classname="testNG.Day01_LoginTest" name="verifyLogo" time="0.035"/>
  <testcase classname="testNG.Day01_LoginTest" name="verifyPoweredBy" time="1.125"/>
  <testcase classname="testNG.Day01_LoginTest" name="loginTest" time="1.142"/>
  <testcase classname="testNG.Day01_LoginTest" name="url" time="0.005"/>
  <testcase classname="testNG.Day01_TestNG" name="methodOne" time="0.001"/>
  <testcase classname="testNG.Day01_TestNG" name="methodTweleve" time="0.0"/>
  <testcase classname="testNG.Day02_Priority" name="a" time="0.001"/>
  <testcase classname="testNG.Day02_Priority" name="e" time="0.001"/>
  <testcase classname="testNG.Day02_Priority" name="f" time="0.0"/>
  <testcase classname="testNG.Day02_Priority" name="d" time="0.0"/>
  <testcase classname="testNG.Day02_Priority" name="c" time="0.0"/>
  <testcase classname="testNG.Day02_Priority" name="b" time="0.0"/>
</testsuite> <!-- Test2 -->
