<?xml version="1.0" encoding="UTF-8"?>
<!-- Generated by org.testng.reporters.JUnitXMLReporter -->
<testsuite ignored="2" hostname="DESKTOP-UO95ULH" failures="0" tests="15" name="Default test" time="112.282" errors="0" timestamp="2021-06-24T21:04:41 EDT">
  <testcase classname="com.codegator.testscripts.AccountPageTest" name="accountCreation" time="6.73"/>
  <testcase classname="com.codegator.testscripts.AccountPageTest" name="accountCreation" time="4.33"/>
  <testcase classname="com.codegator.testscripts.AccountPageTest" name="accountCreation" time="6.665"/>
  <testcase classname="com.codegator.testscripts.AccountPageTest" name="accountCreation" time="3.934"/>
  <testcase classname="com.codegator.testscripts.AccountPageTest" name="accountCreation" time="6.767"/>
  <testcase classname="com.codegator.testscripts.AccountPageTest" name="accountCreation" time="4.51"/>
  <testcase classname="com.codegator.testscripts.AccountPageTest" name="accountCreation" time="4.172"/>
  <testcase classname="com.codegator.testscripts.AccountPageTest" name="accountCreation" time="5.974"/>
  <testcase classname="com.codegator.testscripts.AccountPageTest" name="accountCreation" time="3.712"/>
  <testcase classname="com.codegator.testscripts.AccountPageTest" name="accountCreation" time="4.361"/>
  <testcase classname="com.codegator.testscripts.AccountPageTest" name="accountCreation" time="4.578"/>
  <testcase classname="com.codegator.testscripts.AccountPageTest" name="accountCreation" time="4.316"/>
  <testcase classname="com.codegator.testscripts.AccountPageTest" name="accountCreation" time="4.593"/>
  <testcase classname="com.codegator.testscripts.AccountPageTest" name="accountCreation" time="4.767"/>
  <testcase classname="com.codegator.testscripts.AccountPageTest" name="accountCreation" time="4.861"/>
  <testcase classname="com.codegator.testscripts.AccountPageTest" name="verifyActiveField" time="0.0">
    <ignored/>
  </testcase> <!-- verifyActiveField -->
  <testcase classname="com.codegator.testscripts.AccountPageTest" name="readExcel" time="0.0">
    <ignored/>
  </testcase> <!-- readExcel -->
</testsuite> <!-- Default test -->
